<?xml version="1.0" encoding="UTF-8"?>
<testsuite xmlns:xsi="http://www.w3.org/2001/XMLSchema-instance" xsi:noNamespaceSchemaLocation="https://maven.apache.org/surefire/maven-surefire-plugin/xsd/surefire-test-report.xsd" name="HopcroftKarpTests" time="0.455" tests="12" errors="0" skipped="0" failures="0">
  <properties>
[...]
</properties>
  <testcase name="graphSevenTest" classname="HopcroftKarpTests" time="0.154"/>
  <testcase name="graphFiveTest" classname="HopcroftKarpTests" time="0.003"/>
  <testcase name="graphSixTest" classname="HopcroftKarpTests" time="0.003"/>
  <testcase name="graphEightTest" classname="HopcroftKarpTests" time="0.069"/>
  <testcase name="graphNineTest" classname="HopcroftKarpTests" time="0.051"/>
  <testcase name="graphFourTest" classname="HopcroftKarpTests" time="0.001"/>
  <testcase name="graphTenTest" classname="HopcroftKarpTests" time="0.049"/>
  <testcase name="graphOneTest" classname="HopcroftKarpTests" time="0.001"/>
  <testcase name="graphTwelveTest" classname="HopcroftKarpTests" time="0.054"/>
  <testcase name="graphTwoTest" classname="HopcroftKarpTests" time="0"/>
  <testcase name="graphElevenTest" classname="HopcroftKarpTests" time="0.055"/>
  <testcase name="graphThreeTest" classname="HopcroftKarpTests" time="0.001"/>
</testsuite>